-------------------------------------------------------------------------------
Test set: com.booking.service.impl.CiudadServiceImplTest
-------------------------------------------------------------------------------
Tests run: 3, Failures: 0, Errors: 2, Skipped: 0, Time elapsed: 0.237 s <<< FAILURE! - in com.booking.service.impl.CiudadServiceImplTest
com.booking.service.impl.CiudadServiceImplTest.insert  Time elapsed: 0.104 s  <<< ERROR!
org.springframework.transaction.CannotCreateTransactionException: Could not open JPA EntityManager for transaction; nested exception is java.lang.RuntimeException: Driver com.mysql.cj.jdbc.Driver claims to not accept jdbcUrl, ${jdbc.database.url}
	at com.booking.service.impl.CiudadServiceImplTest.insert(CiudadServiceImplTest.java:31)
Caused by: java.lang.RuntimeException: Driver com.mysql.cj.jdbc.Driver claims to not accept jdbcUrl, ${jdbc.database.url}
	at com.booking.service.impl.CiudadServiceImplTest.insert(CiudadServiceImplTest.java:31)

com.booking.service.impl.CiudadServiceImplTest.readAll  Time elapsed: 0.018 s  <<< ERROR!
org.springframework.transaction.CannotCreateTransactionException: Could not open JPA EntityManager for transaction; nested exception is java.lang.RuntimeException: Driver com.mysql.cj.jdbc.Driver claims to not accept jdbcUrl, ${jdbc.database.url}
	at com.booking.service.impl.CiudadServiceImplTest.readAll(CiudadServiceImplTest.java:22)
Caused by: java.lang.RuntimeException: Driver com.mysql.cj.jdbc.Driver claims to not accept jdbcUrl, ${jdbc.database.url}
	at com.booking.service.impl.CiudadServiceImplTest.readAll(CiudadServiceImplTest.java:22)

