<?xml version="1.0" encoding="UTF-8"?>
<testsuite xmlns:xsi="http://www.w3.org/2001/XMLSchema-instance" xsi:noNamespaceSchemaLocation="https://maven.apache.org/surefire/maven-surefire-plugin/xsd/surefire-test-report-3.0.xsd" version="3.0" name="com.booking.service.impl.CiudadServiceImplTest" time="0.652" tests="3" errors="2" skipped="0" failures="0">
  <properties>
[...]
</properties>
  <testcase name="insert" classname="com.booking.service.impl.CiudadServiceImplTest" time="0.238">
    <error type="org.springframework.transaction.CannotCreateTransactionException"><![CDATA[org.springframework.transaction.CannotCreateTransactionException: Could not open JPA EntityManager for transaction; nested exception is java.lang.RuntimeException: Driver com.mysql.cj.jdbc.Driver claims to not accept jdbcUrl, ${jdbc.database.url}
	at com.booking.service.impl.CiudadServiceImplTest.insert(CiudadServiceImplTest.java:31)
Caused by: java.lang.RuntimeException: Driver com.mysql.cj.jdbc.Driver claims to not accept jdbcUrl, ${jdbc.database.url}
	at com.booking.service.impl.CiudadServiceImplTest.insert(CiudadServiceImplTest.java:31)
]]></error>
    <system-out><![CDATA[2021-11-16 11:51:24.803  INFO 41195 --- [           main] .b.t.c.SpringBootTestContextBootstrapper : Neither @ContextConfiguration nor @ContextHierarchy found for test class [com.booking.service.impl.CiudadServiceImplTest], using SpringBootContextLoader
2021-11-16 11:51:24.804  INFO 41195 --- [           main] o.s.t.c.support.AbstractContextLoader    : Could not detect default resource locations for test class [com.booking.service.impl.CiudadServiceImplTest]: no resource found for suffixes {-context.xml, Context.groovy}.
2021-11-16 11:51:24.804  INFO 41195 --- [           main] t.c.s.AnnotationConfigContextLoaderUtils : Could not detect default configuration classes for test class [com.booking.service.impl.CiudadServiceImplTest]: CiudadServiceImplTest does not declare any static, non-private, non-final, nested classes annotated with @Configuration.
2021-11-16 11:51:24.994  INFO 41195 --- [           main] .b.t.c.SpringBootTestContextBootstrapper : Found @SpringBootConfiguration com.booking.DigitalBookingApplication for test class com.booking.service.impl.CiudadServiceImplTest
2021-11-16 11:51:24.996  INFO 41195 --- [           main] .b.t.c.SpringBootTestContextBootstrapper : Loaded default TestExecutionListener class names from location [META-INF/spring.factories]: [org.springframework.boot.test.mock.mockito.MockitoTestExecutionListener, org.springframework.boot.test.mock.mockito.ResetMocksTestExecutionListener, org.springframework.boot.test.autoconfigure.restdocs.RestDocsTestExecutionListener, org.springframework.boot.test.autoconfigure.web.client.MockRestServiceServerResetTestExecutionListener, org.springframework.boot.test.autoconfigure.web.servlet.MockMvcPrintOnlyOnFailureTestExecutionListener, org.springframework.boot.test.autoconfigure.web.servlet.WebDriverTestExecutionListener, org.springframework.boot.test.autoconfigure.webservices.client.MockWebServiceServerTestExecutionListener, org.springframework.test.context.web.ServletTestExecutionListener, org.springframework.test.context.support.DirtiesContextBeforeModesTestExecutionListener, org.springframework.test.context.event.ApplicationEventsTestExecutionListener, org.springframework.test.context.support.DependencyInjectionTestExecutionListener, org.springframework.test.context.support.DirtiesContextTestExecutionListener, org.springframework.test.context.transaction.TransactionalTestExecutionListener, org.springframework.test.context.jdbc.SqlScriptsTestExecutionListener, org.springframework.test.context.event.EventPublishingTestExecutionListener, org.springframework.security.test.context.support.WithSecurityContextTestExecutionListener, org.springframework.security.test.context.support.ReactorContextTestExecutionListener]
2021-11-16 11:51:24.998  INFO 41195 --- [           main] .b.t.c.SpringBootTestContextBootstrapper : Using TestExecutionListeners: [org.springframework.test.context.web.ServletTestExecutionListener@2cf97875, org.springframework.test.context.support.DirtiesContextBeforeModesTestExecutionListener@2e7563f6, org.springframework.test.context.event.ApplicationEventsTestExecutionListener@72fa021, org.springframework.boot.test.mock.mockito.MockitoTestExecutionListener@1c3400df, org.springframework.boot.test.autoconfigure.SpringBootDependencyInjectionTestExecutionListener@7be9e9fc, org.springframework.test.context.support.DirtiesContextTestExecutionListener@7e864fa4, org.springframework.test.context.transaction.TransactionalTestExecutionListener@452d6fd, org.springframework.test.context.jdbc.SqlScriptsTestExecutionListener@38dc1c50, org.springframework.test.context.event.EventPublishingTestExecutionListener@ccea4be, org.springframework.security.test.context.support.WithSecurityContextTestExecutionListener@40f931ec, org.springframework.security.test.context.support.ReactorContextTestExecutionListener@528ef230, org.springframework.boot.test.mock.mockito.ResetMocksTestExecutionListener@ae85aad, org.springframework.boot.test.autoconfigure.restdocs.RestDocsTestExecutionListener@737ae41a, org.springframework.boot.test.autoconfigure.web.client.MockRestServiceServerResetTestExecutionListener@7a05cdc8, org.springframework.boot.test.autoconfigure.web.servlet.MockMvcPrintOnlyOnFailureTestExecutionListener@5f3fafca, org.springframework.boot.test.autoconfigure.web.servlet.WebDriverTestExecutionListener@174aabb2, org.springframework.boot.test.autoconfigure.webservices.client.MockWebServiceServerTestExecutionListener@33b4c775]
2021-11-16 11:51:25.235  INFO 41195 --- [           main] com.zaxxer.hikari.HikariDataSource       : HikariPool-1 - Starting...
]]></system-out>
  </testcase>
  <testcase name="insertFailt" classname="com.booking.service.impl.CiudadServiceImplTest" time="0.199"/>
  <testcase name="readAll" classname="com.booking.service.impl.CiudadServiceImplTest" time="0.005">
    <error type="org.springframework.transaction.CannotCreateTransactionException"><![CDATA[org.springframework.transaction.CannotCreateTransactionException: Could not open JPA EntityManager for transaction; nested exception is java.lang.RuntimeException: Driver com.mysql.cj.jdbc.Driver claims to not accept jdbcUrl, ${jdbc.database.url}
	at com.booking.service.impl.CiudadServiceImplTest.readAll(CiudadServiceImplTest.java:22)
Caused by: java.lang.RuntimeException: Driver com.mysql.cj.jdbc.Driver claims to not accept jdbcUrl, ${jdbc.database.url}
	at com.booking.service.impl.CiudadServiceImplTest.readAll(CiudadServiceImplTest.java:22)
]]></error>
    <system-out><![CDATA[2021-11-16 11:51:25.448  INFO 41195 --- [           main] com.zaxxer.hikari.HikariDataSource       : HikariPool-1 - Starting...
]]></system-out>
  </testcase>
</testsuite>